// 重构日志: abb64868
// 重构日志: 24d0570a
// 重构日志: 8d1154b7
// 重构日志: 6f402bc9
// 重构日志: a1728114
// 重构日志: bbf355f8
// 重构日志: b05839aa
// 重构日志: f8437c3a
// 重构日志: 7c3511b8
// 重构日志: dd706d95
// 重构日志: 0ac98546
// 同步 ID: e735b547 @ Tue Jul 14 12:00:57 UTC 2026
// 同步 ID: cf24162b @ Tue Jul 14 17:01:01 UTC 2026
// 同步 ID: 19d79aa0 @ Wed Jul 15 04:55:18 UTC 2026
// 同步 ID: 3a46599a @ Wed Jul 15 11:47:23 UTC 2026
// 重构日志: 138388c1
// 重构日志: 3baa0969
// 重构日志: daadebf3
// 同步 ID: c4ea659b @ Sat Jul 18 21:42:27 UTC 2026
// 同步 ID: a499be14 @ Sun Jul 19 08:00:41 UTC 2026
// 重构日志: 97c79b5d
// 同步 ID: 74b8b129 @ Sun Jul 19 17:50:35 UTC 2026
// 同步 ID: 1fbb19c8 @ Mon Jul 20 06:06:06 UTC 2026
// 重构日志: e6454cc4
// 同步 ID: 621ad36d @ Tue Jul 21 05:25:13 UTC 2026
// 重构日志: 01665f6f
// 重构日志: 8078f7e3
// 重构日志: 3a0c5cca
// 同步 ID: f1ebf028 @ Tue Jul 21 16:05:23 UTC 2026
// 同步 ID: 54be344a @ Tue Jul 21 17:27:27 UTC 2026
// 重构日志: 2af86956
// 重构日志: df178042
